2023-08-30 14:30:24 -Starting ImAppServerApplication on LAPTOP-7SLCU8QK with PID 19904 (D:\Develop\Mine\IdeaProjects\im-app-server\target\classes started by Eddie in D:\Develop\Mine\IdeaProjects\im-app-server)
2023-08-30 14:30:24 -The following profiles are active: dev
2023-08-30 14:30:24 -No MyBatis mapper was found in '[com.learn.dao]' package. Please check your configuration.
2023-08-30 14:30:24 -Tomcat initialized with port(s): 8989 (http)
2023-08-30 14:30:24 -Initializing ProtocolHandler ["http-nio-8989"]
2023-08-30 14:30:24 -Starting service [Tomcat]
2023-08-30 14:30:24 -Starting Servlet engine: [Apache Tomcat/9.0.37]
2023-08-30 14:30:25 -Initializing Spring embedded WebApplicationContext
2023-08-30 14:30:25 -Root WebApplicationContext: initialization completed in 758 ms
2023-08-30 14:30:25 -Initializing ExecutorService 'applicationTaskExecutor'
2023-08-30 14:30:26 -Starting ProtocolHandler ["http-nio-8989"]
2023-08-30 14:30:26 -Tomcat started on port(s): 8989 (http) with context path ''
2023-08-30 14:30:26 -Started ImAppServerApplication in 2.323 seconds (JVM running for 2.993)
2023-08-30 14:38:42 -Initializing Spring DispatcherServlet 'dispatcherServlet'
2023-08-30 14:38:42 -Initializing Servlet 'dispatcherServlet'
2023-08-30 14:38:42 -Completed initialization in 5 ms
2023-08-30 14:39:10 -Starting ImAppServerApplication on LAPTOP-7SLCU8QK with PID 8712 (D:\Develop\Mine\IdeaProjects\im-app-server\target\classes started by Eddie in D:\Develop\Mine\IdeaProjects\im-app-server)
2023-08-30 14:39:10 -The following profiles are active: dev
2023-08-30 14:39:11 -No MyBatis mapper was found in '[com.learn.dao]' package. Please check your configuration.
2023-08-30 14:39:11 -Tomcat initialized with port(s): 8989 (http)
2023-08-30 14:39:11 -Initializing ProtocolHandler ["http-nio-8989"]
2023-08-30 14:39:11 -Starting service [Tomcat]
2023-08-30 14:39:11 -Starting Servlet engine: [Apache Tomcat/9.0.37]
2023-08-30 14:39:11 -Initializing Spring embedded WebApplicationContext
2023-08-30 14:39:11 -Root WebApplicationContext: initialization completed in 990 ms
2023-08-30 14:39:12 -Initializing ExecutorService 'applicationTaskExecutor'
2023-08-30 14:39:12 -Starting ProtocolHandler ["http-nio-8989"]
2023-08-30 14:39:12 -Tomcat started on port(s): 8989 (http) with context path ''
2023-08-30 14:39:12 -Started ImAppServerApplication in 2.784 seconds (JVM running for 3.417)
2023-08-30 14:43:42 -Initializing Spring DispatcherServlet 'dispatcherServlet'
2023-08-30 14:43:42 -Initializing Servlet 'dispatcherServlet'
2023-08-30 14:43:42 -Completed initialization in 4 ms
2023-08-30 14:43:42 -10000收到user.modify.after回调数据：{"appId":10000,"nickName":"lldlldlld","userId":"lld"}
